<?xml version="1.0" encoding="UTF-8"?>
<!-- Generated by org.testng.reporters.JUnitReportReporter -->
<testsuite skipped="0" hostname="DESKTOP-H4EAD90" name="MyClass" tests="1" failures="0" timestamp="22 May 2020 17:29:30 GMT" time="0.046" errors="0">
  <testcase name="TestOne" time="0.046" classname="MyClass"/>
</testsuite> <!-- MyClass -->
