<?xml version="1.0" encoding="UTF-8"?>
<!-- Generated by org.testng.reporters.JUnitReportReporter -->
<testsuite skipped="0" hostname="DESKTOP-H4EAD90" name="com.urbanladder.tests.SearchTest" tests="2" failures="0" timestamp="21 May 2020 11:23:03 GMT" time="3.459" errors="0">
  <testcase name="closeAuthenticationPopup" time="0.795" classname="com.urbanladder.tests.SearchTest"/>
  <testcase name="navigateBookshelves" time="2.664" classname="com.urbanladder.tests.SearchTest"/>
</testsuite> <!-- com.urbanladder.tests.SearchTest -->
