<?xml version="1.0" encoding="UTF-8"?>
<!-- Generated by org.testng.reporters.JUnitReportReporter -->
<testsuite skipped="0" hostname="DESKTOP-H4EAD90" name="com.urbanladder.tests.FurnituresTest" tests="2" failures="0" timestamp="12 Jun 2020 14:00:44 GMT" time="88.071" errors="0">
  <testcase name="getBookshelvesDetails" time="41.089" classname="com.urbanladder.tests.FurnituresTest"/>
  <testcase name="getStudyChairsDetails" time="46.982" classname="com.urbanladder.tests.FurnituresTest"/>
</testsuite> <!-- com.urbanladder.tests.FurnituresTest -->
