<?xml version="1.0" encoding="UTF-8"?>
<!-- Generated by org.testng.reporters.JUnitReportReporter -->
<testsuite skipped="0" hostname="DESKTOP-H4EAD90" name="com.urbanladder.tests.BookshelvesTest" tests="1" failures="0" timestamp="12 Jun 2020 13:50:15 GMT" time="35.466" errors="0">
  <testcase name="getBookshelvesDetails" time="35.466" classname="com.urbanladder.tests.BookshelvesTest"/>
</testsuite> <!-- com.urbanladder.tests.BookshelvesTest -->
