<?xml version="1.0" encoding="UTF-8"?>
<!-- Generated by org.testng.reporters.JUnitReportReporter -->
<testsuite skipped="0" hostname="DESKTOP-H4EAD90" name="com.urbanladder.tests.GiftCardsTest" tests="2" failures="0" timestamp="12 Jun 2020 14:12:17 GMT" time="56.854" errors="0">
  <testcase name="sendGiftCard" time="9.923" classname="com.urbanladder.tests.GiftCardsTest"/>
  <testcase name="sendGiftCard" time="46.931" classname="com.urbanladder.tests.GiftCardsTest"/>
</testsuite> <!-- com.urbanladder.tests.GiftCardsTest -->
