<?xml version="1.0" encoding="UTF-8"?>
<!-- Generated by org.testng.reporters.JUnitReportReporter -->
<testsuite skipped="0" hostname="DESKTOP-H4EAD90" name="com.urbanladder.test.SearchTest.SearchTest" tests="3" failures="0" timestamp="20 May 2020 07:19:21 GMT" time="38.471" errors="0">
  <testcase name="enterText" time="0.175" classname="com.urbanladder.test.SearchTest.SearchTest"/>
  <testcase name="navigateUrl" time="30.119" classname="com.urbanladder.test.SearchTest.SearchTest"/>
  <testcase name="closeAuthenticatePopup" time="8.177" classname="com.urbanladder.test.SearchTest.SearchTest"/>
</testsuite> <!-- com.urbanladder.test.SearchTest.SearchTest -->
